<?xml version="1.0" encoding="UTF-8"?>
<testsuite name="cn.theo.gmall.gmallusermanage.GmallUsermanageApplicationTests" time="0.022" tests="1" errors="1" skipped="0" failures="0">
  <properties>
[...]
</properties>
  <testcase name="initializationError" classname="cn.theo.gmall.gmallusermanage.GmallUsermanageApplicationTests" time="0.022">
    <error message="Unable to find a @SpringBootConfiguration, you need to use @ContextConfiguration or @SpringBootTest(classes=...) with your test" type="java.lang.IllegalStateException"><![CDATA[java.lang.IllegalStateException: Unable to find a @SpringBootConfiguration, you need to use @ContextConfiguration or @SpringBootTest(classes=...) with your test
	at org.springframework.util.Assert.state(Assert.java:70)
	at org.springframework.boot.test.context.SpringBootTestContextBootstrapper.getOrFindConfigurationClasses(SpringBootTestContextBootstrapper.java:202)
	at org.springframework.boot.test.context.SpringBootTestContextBootstrapper.processMergedContextConfiguration(SpringBootTestContextBootstrapper.java:137)
	at org.springframework.test.context.support.AbstractTestContextBootstrapper.buildMergedContextConfiguration(AbstractTestContextBootstrapper.java:397)
	at org.springframework.test.context.support.AbstractTestContextBootstrapper.buildDefaultMergedContextConfiguration(AbstractTestContextBootstrapper.java:311)
	at org.springframework.test.context.support.AbstractTestContextBootstrapper.buildMergedContextConfiguration(AbstractTestContextBootstrapper.java:265)
	at org.springframework.test.context.support.AbstractTestContextBootstrapper.buildTestContext(AbstractTestContextBootstrapper.java:105)
	at org.springframework.boot.test.context.SpringBootTestContextBootstrapper.buildTestContext(SpringBootTestContextBootstrapper.java:82)
	at org.springframework.test.context.TestContextManager.<init>(TestContextManager.java:120)
	at org.springframework.test.context.TestContextManager.<init>(TestContextManager.java:105)
	at org.springframework.test.context.junit4.SpringJUnit4ClassRunner.createTestContextManager(SpringJUnit4ClassRunner.java:152)
	at org.springframework.test.context.junit4.SpringJUnit4ClassRunner.<init>(SpringJUnit4ClassRunner.java:143)
	at org.springframework.test.context.junit4.SpringRunner.<init>(SpringRunner.java:49)
	at java.base/jdk.internal.reflect.NativeConstructorAccessorImpl.newInstance0(Native Method)
	at java.base/jdk.internal.reflect.NativeConstructorAccessorImpl.newInstance(NativeConstructorAccessorImpl.java:62)
	at java.base/jdk.internal.reflect.DelegatingConstructorAccessorImpl.newInstance(DelegatingConstructorAccessorImpl.java:45)
	at java.base/java.lang.reflect.Constructor.newInstance(Constructor.java:488)
	at org.junit.internal.builders.AnnotatedBuilder.buildRunner(AnnotatedBuilder.java:104)
	at org.junit.internal.builders.AnnotatedBuilder.runnerForClass(AnnotatedBuilder.java:86)
	at org.junit.runners.model.RunnerBuilder.safeRunnerForClass(RunnerBuilder.java:59)
	at org.junit.internal.builders.AllDefaultPossibilitiesBuilder.runnerForClass(AllDefaultPossibilitiesBuilder.java:26)
	at org.junit.runners.model.RunnerBuilder.safeRunnerForClass(RunnerBuilder.java:59)
	at org.junit.internal.requests.ClassRequest.getRunner(ClassRequest.java:33)
	at org.apache.maven.surefire.junit4.JUnit4Provider.execute(JUnit4Provider.java:283)
	at org.apache.maven.surefire.junit4.JUnit4Provider.executeWithRerun(JUnit4Provider.java:173)
	at org.apache.maven.surefire.junit4.JUnit4Provider.executeTestSet(JUnit4Provider.java:153)
	at org.apache.maven.surefire.junit4.JUnit4Provider.invoke(JUnit4Provider.java:128)
	at org.apache.maven.surefire.booter.ForkedBooter.invokeProviderInSameClassLoader(ForkedBooter.java:203)
	at org.apache.maven.surefire.booter.ForkedBooter.runSuitesInProcess(ForkedBooter.java:155)
	at org.apache.maven.surefire.booter.ForkedBooter.main(ForkedBooter.java:103)
]]></error>
    <system-out><![CDATA[00:33:20.969 [main] DEBUG org.springframework.test.context.junit4.SpringJUnit4ClassRunner - SpringJUnit4ClassRunner constructor called with [class cn.theo.gmall.gmallusermanage.GmallUsermanageApplicationTests]
00:33:20.987 [main] DEBUG org.springframework.test.context.BootstrapUtils - Instantiating CacheAwareContextLoaderDelegate from class [org.springframework.test.context.cache.DefaultCacheAwareContextLoaderDelegate]
00:33:21.006 [main] DEBUG org.springframework.test.context.BootstrapUtils - Instantiating BootstrapContext using constructor [public org.springframework.test.context.support.DefaultBootstrapContext(java.lang.Class,org.springframework.test.context.CacheAwareContextLoaderDelegate)]
00:33:21.023 [main] DEBUG org.springframework.test.context.BootstrapUtils - Instantiating TestContextBootstrapper for test class [cn.theo.gmall.gmallusermanage.GmallUsermanageApplicationTests] from class [org.springframework.boot.test.context.SpringBootTestContextBootstrapper]
00:33:21.042 [main] INFO org.springframework.boot.test.context.SpringBootTestContextBootstrapper - Neither @ContextConfiguration nor @ContextHierarchy found for test class [cn.theo.gmall.gmallusermanage.GmallUsermanageApplicationTests], using SpringBootContextLoader
00:33:21.048 [main] DEBUG org.springframework.test.context.support.AbstractContextLoader - Did not detect default resource location for test class [cn.theo.gmall.gmallusermanage.GmallUsermanageApplicationTests]: class path resource [cn/theo/gmall/gmallusermanage/GmallUsermanageApplicationTests-context.xml] does not exist
00:33:21.048 [main] DEBUG org.springframework.test.context.support.AbstractContextLoader - Did not detect default resource location for test class [cn.theo.gmall.gmallusermanage.GmallUsermanageApplicationTests]: class path resource [cn/theo/gmall/gmallusermanage/GmallUsermanageApplicationTestsContext.groovy] does not exist
00:33:21.049 [main] INFO org.springframework.test.context.support.AbstractContextLoader - Could not detect default resource locations for test class [cn.theo.gmall.gmallusermanage.GmallUsermanageApplicationTests]: no resource found for suffixes {-context.xml, Context.groovy}.
00:33:21.050 [main] INFO org.springframework.test.context.support.AnnotationConfigContextLoaderUtils - Could not detect default configuration classes for test class [cn.theo.gmall.gmallusermanage.GmallUsermanageApplicationTests]: GmallUsermanageApplicationTests does not declare any static, non-private, non-final, nested classes annotated with @Configuration.
00:33:21.112 [main] DEBUG org.springframework.test.context.support.ActiveProfilesUtils - Could not find an 'annotation declaring class' for annotation type [org.springframework.test.context.ActiveProfiles] and class [cn.theo.gmall.gmallusermanage.GmallUsermanageApplicationTests]
00:33:21.125 [main] DEBUG org.springframework.core.env.StandardEnvironment - Adding PropertySource 'systemProperties' with lowest search precedence
00:33:21.125 [main] DEBUG org.springframework.core.env.StandardEnvironment - Adding PropertySource 'systemEnvironment' with lowest search precedence
00:33:21.125 [main] DEBUG org.springframework.core.env.StandardEnvironment - Initialized StandardEnvironment with PropertySources [MapPropertySource@2030036700 {name='systemProperties', properties={sun.desktop=windows, awt.toolkit=sun.awt.windows.WToolkit, java.specification.version=9, file.encoding.pkg=sun.io, sun.cpu.isalist=amd64, sun.jnu.encoding=GBK, java.class.path=D:\IdeaProjects\gmall\gmall-usermanage\target\test-classes;D:\IdeaProjects\gmall\gmall-usermanage\target\classes;D:\mavenRepository\cn\theo\gmall\gmall-interface\1.0-SNAPSHOT\gmall-interface-1.0-SNAPSHOT.jar;D:\mavenRepository\cn\theo\gmall\gmall-bean\1.0-SNAPSHOT\gmall-bean-1.0-SNAPSHOT.jar;D:\mavenRepository\tk\mybatis\mapper-spring-boot-starter\1.2.3\mapper-spring-boot-starter-1.2.3.jar;D:\mavenRepository\tk\mybatis\mapper-spring-boot-autoconfigure\1.2.3\mapper-spring-boot-autoconfigure-1.2.3.jar;D:\mavenRepository\org\slf4j\slf4j-api\1.7.25\slf4j-api-1.7.25.jar;D:\mavenRepository\tk\mybatis\mapper\3.5.2\mapper-3.5.2.jar;D:\mavenRepository\javax\persistence\persistence-api\1.0\persistence-api-1.0.jar;D:\mavenRepository\cn\theo\gmall\gmall-service-util\1.0-SNAPSHOT\gmall-service-util-1.0-SNAPSHOT.jar;D:\mavenRepository\cn\theo\gmall\gmall-common-util\1.0-SNAPSHOT\gmall-common-util-1.0-SNAPSHOT.jar;D:\mavenRepository\org\springframework\boot\spring-boot-starter-test\1.5.10.RELEASE\spring-boot-starter-test-1.5.10.RELEASE.jar;D:\mavenRepository\org\springframework\boot\spring-boot-test\1.5.10.RELEASE\spring-boot-test-1.5.10.RELEASE.jar;D:\mavenRepository\org\springframework\boot\spring-boot-test-autoconfigure\1.5.10.RELEASE\spring-boot-test-autoconfigure-1.5.10.RELEASE.jar;D:\mavenRepository\com\jayway\jsonpath\json-path\2.2.0\json-path-2.2.0.jar;D:\mavenRepository\net\minidev\json-smart\2.2.1\json-smart-2.2.1.jar;D:\mavenRepository\net\minidev\accessors-smart\1.1\accessors-smart-1.1.jar;D:\mavenRepository\org\ow2\asm\asm\5.0.3\asm-5.0.3.jar;D:\mavenRepository\junit\junit\4.12\junit-4.12.jar;D:\mavenRepository\org\assertj\assertj-core\2.6.0\assertj-core-2.6.0.jar;D:\mavenRepository\org\mockito\mockito-core\1.10.19\mockito-core-1.10.19.jar;D:\mavenRepository\org\objenesis\objenesis\2.1\objenesis-2.1.jar;D:\mavenRepository\org\hamcrest\hamcrest-core\1.3\hamcrest-core-1.3.jar;D:\mavenRepository\org\hamcrest\hamcrest-library\1.3\hamcrest-library-1.3.jar;D:\mavenRepository\org\skyscreamer\jsonassert\1.4.0\jsonassert-1.4.0.jar;D:\mavenRepository\com\vaadin\external\google\android-json\0.0.20131108.vaadin1\android-json-0.0.20131108.vaadin1.jar;D:\mavenRepository\org\springframework\spring-core\4.3.14.RELEASE\spring-core-4.3.14.RELEASE.jar;D:\mavenRepository\org\springframework\spring-test\4.3.14.RELEASE\spring-test-4.3.14.RELEASE.jar;D:\mavenRepository\org\springframework\boot\spring-boot-starter-web\1.5.10.RELEASE\spring-boot-starter-web-1.5.10.RELEASE.jar;D:\mavenRepository\org\springframework\boot\spring-boot-starter-tomcat\1.5.10.RELEASE\spring-boot-starter-tomcat-1.5.10.RELEASE.jar;D:\mavenRepository\org\apache\tomcat\embed\tomcat-embed-core\8.5.27\tomcat-embed-core-8.5.27.jar;D:\mavenRepository\org\apache\tomcat\tomcat-annotations-api\8.5.27\tomcat-annotations-api-8.5.27.jar;D:\mavenRepository\org\apache\tomcat\embed\tomcat-embed-el\8.5.27\tomcat-embed-el-8.5.27.jar;D:\mavenRepository\org\apache\tomcat\embed\tomcat-embed-websocket\8.5.27\tomcat-embed-websocket-8.5.27.jar;D:\mavenRepository\org\hibernate\hibernate-validator\5.3.6.Final\hibernate-validator-5.3.6.Final.jar;D:\mavenRepository\javax\validation\validation-api\1.1.0.Final\validation-api-1.1.0.Final.jar;D:\mavenRepository\org\jboss\logging\jboss-logging\3.3.1.Final\jboss-logging-3.3.1.Final.jar;D:\mavenRepository\com\fasterxml\classmate\1.3.4\classmate-1.3.4.jar;D:\mavenRepository\com\fasterxml\jackson\core\jackson-databind\2.8.10\jackson-databind-2.8.10.jar;D:\mavenRepository\com\fasterxml\jackson\core\jackson-annotations\2.8.0\jackson-annotations-2.8.0.jar;D:\mavenRepository\com\fasterxml\jackson\core\jackson-core\2.8.10\jackson-core-2.8.10.jar;D:\mavenRepository\org\springframework\spring-web\4.3.14.RELEASE\spring-web-4.3.14.RELEASE.jar;D:\mavenRepository\org\springframework\spring-aop\4.3.14.RELEASE\spring-aop-4.3.14.RELEASE.jar;D:\mavenRepository\org\springframework\spring-context\4.3.14.RELEASE\spring-context-4.3.14.RELEASE.jar;D:\mavenRepository\org\springframework\spring-webmvc\4.3.14.RELEASE\spring-webmvc-4.3.14.RELEASE.jar;D:\mavenRepository\org\springframework\spring-expression\4.3.14.RELEASE\spring-expression-4.3.14.RELEASE.jar;D:\mavenRepository\org\apache\httpcomponents\httpclient\4.5.5\httpclient-4.5.5.jar;D:\mavenRepository\org\apache\httpcomponents\httpcore\4.4.9\httpcore-4.4.9.jar;D:\mavenRepository\commons-logging\commons-logging\1.2\commons-logging-1.2.jar;D:\mavenRepository\org\apache\commons\commons-lang3\3.7\commons-lang3-3.7.jar;D:\mavenRepository\commons-beanutils\commons-beanutils\1.9.3\commons-beanutils-1.9.3.jar;D:\mavenRepository\commons-collections\commons-collections\3.2.2\commons-collections-3.2.2.jar;D:\mavenRepository\commons-codec\commons-codec\1.10\commons-codec-1.10.jar;D:\mavenRepository\com\alibaba\fastjson\1.2.46\fastjson-1.2.46.jar;D:\mavenRepository\org\springframework\boot\spring-boot-starter-jdbc\1.5.10.RELEASE\spring-boot-starter-jdbc-1.5.10.RELEASE.jar;D:\mavenRepository\org\springframework\boot\spring-boot-starter\1.5.10.RELEASE\spring-boot-starter-1.5.10.RELEASE.jar;D:\mavenRepository\org\springframework\boot\spring-boot\1.5.10.RELEASE\spring-boot-1.5.10.RELEASE.jar;D:\mavenRepository\org\springframework\boot\spring-boot-autoconfigure\1.5.10.RELEASE\spring-boot-autoconfigure-1.5.10.RELEASE.jar;D:\mavenRepository\org\springframework\boot\spring-boot-starter-logging\1.5.10.RELEASE\spring-boot-starter-logging-1.5.10.RELEASE.jar;D:\mavenRepository\ch\qos\logback\logback-classic\1.1.11\logback-classic-1.1.11.jar;D:\mavenRepository\ch\qos\logback\logback-core\1.1.11\logback-core-1.1.11.jar;D:\mavenRepository\org\slf4j\jcl-over-slf4j\1.7.25\jcl-over-slf4j-1.7.25.jar;D:\mavenRepository\org\slf4j\jul-to-slf4j\1.7.25\jul-to-slf4j-1.7.25.jar;D:\mavenRepository\org\slf4j\log4j-over-slf4j\1.7.25\log4j-over-slf4j-1.7.25.jar;D:\mavenRepository\org\yaml\snakeyaml\1.17\snakeyaml-1.17.jar;D:\mavenRepository\org\apache\tomcat\tomcat-jdbc\8.5.27\tomcat-jdbc-8.5.27.jar;D:\mavenRepository\org\apache\tomcat\tomcat-juli\8.5.27\tomcat-juli-8.5.27.jar;D:\mavenRepository\org\springframework\spring-jdbc\4.3.14.RELEASE\spring-jdbc-4.3.14.RELEASE.jar;D:\mavenRepository\org\springframework\spring-beans\4.3.14.RELEASE\spring-beans-4.3.14.RELEASE.jar;D:\mavenRepository\org\springframework\spring-tx\4.3.14.RELEASE\spring-tx-4.3.14.RELEASE.jar;D:\mavenRepository\org\mybatis\spring\boot\mybatis-spring-boot-starter\1.3.1\mybatis-spring-boot-starter-1.3.1.jar;D:\mavenRepository\org\mybatis\spring\boot\mybatis-spring-boot-autoconfigure\1.3.1\mybatis-spring-boot-autoconfigure-1.3.1.jar;D:\mavenRepository\org\mybatis\mybatis\3.4.5\mybatis-3.4.5.jar;D:\mavenRepository\org\mybatis\mybatis-spring\1.3.1\mybatis-spring-1.3.1.jar;D:\mavenRepository\mysql\mysql-connector-java\5.1.45\mysql-connector-java-5.1.45.jar;D:\mavenRepository\redis\clients\jedis\2.9.0\jedis-2.9.0.jar;D:\mavenRepository\org\apache\commons\commons-pool2\2.4.3\commons-pool2-2.4.3.jar;, java.vm.vendor=Oracle Corporation, sun.arch.data.model=64, user.variant=, java.vendor.url=http://java.oracle.com/, user.timezone=Asia/Shanghai, os.name=Windows 10, java.vm.specification.version=9, sun.java.launcher=SUN_STANDARD, user.country=CN, sun.boot.library.path=C:\Program Files\Java\jdk-9.0.4\bin, sun.java.command=D:\IdeaProjects\gmall\gmall-usermanage\target\surefire\surefirebooter2232946439845720879.jar D:\IdeaProjects\gmall\gmall-usermanage\target\surefire\surefire10084220750271143988tmp D:\IdeaProjects\gmall\gmall-usermanage\target\surefire\surefire_01379993579678844684tmp, jdk.debug=release, surefire.test.class.path=D:\IdeaProjects\gmall\gmall-usermanage\target\test-classes;D:\IdeaProjects\gmall\gmall-usermanage\target\classes;D:\mavenRepository\cn\theo\gmall\gmall-interface\1.0-SNAPSHOT\gmall-interface-1.0-SNAPSHOT.jar;D:\mavenRepository\cn\theo\gmall\gmall-bean\1.0-SNAPSHOT\gmall-bean-1.0-SNAPSHOT.jar;D:\mavenRepository\tk\mybatis\mapper-spring-boot-starter\1.2.3\mapper-spring-boot-starter-1.2.3.jar;D:\mavenRepository\tk\mybatis\mapper-spring-boot-autoconfigure\1.2.3\mapper-spring-boot-autoconfigure-1.2.3.jar;D:\mavenRepository\org\slf4j\slf4j-api\1.7.25\slf4j-api-1.7.25.jar;D:\mavenRepository\tk\mybatis\mapper\3.5.2\mapper-3.5.2.jar;D:\mavenRepository\javax\persistence\persistence-api\1.0\persistence-api-1.0.jar;D:\mavenRepository\cn\theo\gmall\gmall-service-util\1.0-SNAPSHOT\gmall-service-util-1.0-SNAPSHOT.jar;D:\mavenRepository\cn\theo\gmall\gmall-common-util\1.0-SNAPSHOT\gmall-common-util-1.0-SNAPSHOT.jar;D:\mavenRepository\org\springframework\boot\spring-boot-starter-test\1.5.10.RELEASE\spring-boot-starter-test-1.5.10.RELEASE.jar;D:\mavenRepository\org\springframework\boot\spring-boot-test\1.5.10.RELEASE\spring-boot-test-1.5.10.RELEASE.jar;D:\mavenRepository\org\springframework\boot\spring-boot-test-autoconfigure\1.5.10.RELEASE\spring-boot-test-autoconfigure-1.5.10.RELEASE.jar;D:\mavenRepository\com\jayway\jsonpath\json-path\2.2.0\json-path-2.2.0.jar;D:\mavenRepository\net\minidev\json-smart\2.2.1\json-smart-2.2.1.jar;D:\mavenRepository\net\minidev\accessors-smart\1.1\accessors-smart-1.1.jar;D:\mavenRepository\org\ow2\asm\asm\5.0.3\asm-5.0.3.jar;D:\mavenRepository\junit\junit\4.12\junit-4.12.jar;D:\mavenRepository\org\assertj\assertj-core\2.6.0\assertj-core-2.6.0.jar;D:\mavenRepository\org\mockito\mockito-core\1.10.19\mockito-core-1.10.19.jar;D:\mavenRepository\org\objenesis\objenesis\2.1\objenesis-2.1.jar;D:\mavenRepository\org\hamcrest\hamcrest-core\1.3\hamcrest-core-1.3.jar;D:\mavenRepository\org\hamcrest\hamcrest-library\1.3\hamcrest-library-1.3.jar;D:\mavenRepository\org\skyscreamer\jsonassert\1.4.0\jsonassert-1.4.0.jar;D:\mavenRepository\com\vaadin\external\google\android-json\0.0.20131108.vaadin1\android-json-0.0.20131108.vaadin1.jar;D:\mavenRepository\org\springframework\spring-core\4.3.14.RELEASE\spring-core-4.3.14.RELEASE.jar;D:\mavenRepository\org\springframework\spring-test\4.3.14.RELEASE\spring-test-4.3.14.RELEASE.jar;D:\mavenRepository\org\springframework\boot\spring-boot-starter-web\1.5.10.RELEASE\spring-boot-starter-web-1.5.10.RELEASE.jar;D:\mavenRepository\org\springframework\boot\spring-boot-starter-tomcat\1.5.10.RELEASE\spring-boot-starter-tomcat-1.5.10.RELEASE.jar;D:\mavenRepository\org\apache\tomcat\embed\tomcat-embed-core\8.5.27\tomcat-embed-core-8.5.27.jar;D:\mavenRepository\org\apache\tomcat\tomcat-annotations-api\8.5.27\tomcat-annotations-api-8.5.27.jar;D:\mavenRepository\org\apache\tomcat\embed\tomcat-embed-el\8.5.27\tomcat-embed-el-8.5.27.jar;D:\mavenRepository\org\apache\tomcat\embed\tomcat-embed-websocket\8.5.27\tomcat-embed-websocket-8.5.27.jar;D:\mavenRepository\org\hibernate\hibernate-validator\5.3.6.Final\hibernate-validator-5.3.6.Final.jar;D:\mavenRepository\javax\validation\validation-api\1.1.0.Final\validation-api-1.1.0.Final.jar;D:\mavenRepository\org\jboss\logging\jboss-logging\3.3.1.Final\jboss-logging-3.3.1.Final.jar;D:\mavenRepository\com\fasterxml\classmate\1.3.4\classmate-1.3.4.jar;D:\mavenRepository\com\fasterxml\jackson\core\jackson-databind\2.8.10\jackson-databind-2.8.10.jar;D:\mavenRepository\com\fasterxml\jackson\core\jackson-annotations\2.8.0\jackson-annotations-2.8.0.jar;D:\mavenRepository\com\fasterxml\jackson\core\jackson-core\2.8.10\jackson-core-2.8.10.jar;D:\mavenRepository\org\springframework\spring-web\4.3.14.RELEASE\spring-web-4.3.14.RELEASE.jar;D:\mavenRepository\org\springframework\spring-aop\4.3.14.RELEASE\spring-aop-4.3.14.RELEASE.jar;D:\mavenRepository\org\springframework\spring-context\4.3.14.RELEASE\spring-context-4.3.14.RELEASE.jar;D:\mavenRepository\org\springframework\spring-webmvc\4.3.14.RELEASE\spring-webmvc-4.3.14.RELEASE.jar;D:\mavenRepository\org\springframework\spring-expression\4.3.14.RELEASE\spring-expression-4.3.14.RELEASE.jar;D:\mavenRepository\org\apache\httpcomponents\httpclient\4.5.5\httpclient-4.5.5.jar;D:\mavenRepository\org\apache\httpcomponents\httpcore\4.4.9\httpcore-4.4.9.jar;D:\mavenRepository\commons-logging\commons-logging\1.2\commons-logging-1.2.jar;D:\mavenRepository\org\apache\commons\commons-lang3\3.7\commons-lang3-3.7.jar;D:\mavenRepository\commons-beanutils\commons-beanutils\1.9.3\commons-beanutils-1.9.3.jar;D:\mavenRepository\commons-collections\commons-collections\3.2.2\commons-collections-3.2.2.jar;D:\mavenRepository\commons-codec\commons-codec\1.10\commons-codec-1.10.jar;D:\mavenRepository\com\alibaba\fastjson\1.2.46\fastjson-1.2.46.jar;D:\mavenRepository\org\springframework\boot\spring-boot-starter-jdbc\1.5.10.RELEASE\spring-boot-starter-jdbc-1.5.10.RELEASE.jar;D:\mavenRepository\org\springframework\boot\spring-boot-starter\1.5.10.RELEASE\spring-boot-starter-1.5.10.RELEASE.jar;D:\mavenRepository\org\springframework\boot\spring-boot\1.5.10.RELEASE\spring-boot-1.5.10.RELEASE.jar;D:\mavenRepository\org\springframework\boot\spring-boot-autoconfigure\1.5.10.RELEASE\spring-boot-autoconfigure-1.5.10.RELEASE.jar;D:\mavenRepository\org\springframework\boot\spring-boot-starter-logging\1.5.10.RELEASE\spring-boot-starter-logging-1.5.10.RELEASE.jar;D:\mavenRepository\ch\qos\logback\logback-classic\1.1.11\logback-classic-1.1.11.jar;D:\mavenRepository\ch\qos\logback\logback-core\1.1.11\logback-core-1.1.11.jar;D:\mavenRepository\org\slf4j\jcl-over-slf4j\1.7.25\jcl-over-slf4j-1.7.25.jar;D:\mavenRepository\org\slf4j\jul-to-slf4j\1.7.25\jul-to-slf4j-1.7.25.jar;D:\mavenRepository\org\slf4j\log4j-over-slf4j\1.7.25\log4j-over-slf4j-1.7.25.jar;D:\mavenRepository\org\yaml\snakeyaml\1.17\snakeyaml-1.17.jar;D:\mavenRepository\org\apache\tomcat\tomcat-jdbc\8.5.27\tomcat-jdbc-8.5.27.jar;D:\mavenRepository\org\apache\tomcat\tomcat-juli\8.5.27\tomcat-juli-8.5.27.jar;D:\mavenRepository\org\springframework\spring-jdbc\4.3.14.RELEASE\spring-jdbc-4.3.14.RELEASE.jar;D:\mavenRepository\org\springframework\spring-beans\4.3.14.RELEASE\spring-beans-4.3.14.RELEASE.jar;D:\mavenRepository\org\springframework\spring-tx\4.3.14.RELEASE\spring-tx-4.3.14.RELEASE.jar;D:\mavenRepository\org\mybatis\spring\boot\mybatis-spring-boot-starter\1.3.1\mybatis-spring-boot-starter-1.3.1.jar;D:\mavenRepository\org\mybatis\spring\boot\mybatis-spring-boot-autoconfigure\1.3.1\mybatis-spring-boot-autoconfigure-1.3.1.jar;D:\mavenRepository\org\mybatis\mybatis\3.4.5\mybatis-3.4.5.jar;D:\mavenRepository\org\mybatis\mybatis-spring\1.3.1\mybatis-spring-1.3.1.jar;D:\mavenRepository\mysql\mysql-connector-java\5.1.45\mysql-connector-java-5.1.45.jar;D:\mavenRepository\redis\clients\jedis\2.9.0\jedis-2.9.0.jar;D:\mavenRepository\org\apache\commons\commons-pool2\2.4.3\commons-pool2-2.4.3.jar;, sun.cpu.endian=little, user.home=C:\Users\Theodore, user.language=zh, java.specification.vendor=Oracle Corporation, java.home=C:\Program Files\Java\jdk-9.0.4, file.separator=\, basedir=D:\IdeaProjects\gmall\gmall-usermanage, java.vm.compressedOopsMode=32-bit, line.separator=
, java.vm.specification.vendor=Oracle Corporation, java.specification.name=Java Platform API Specification, java.awt.graphicsenv=sun.awt.Win32GraphicsEnvironment, surefire.real.class.path=D:\IdeaProjects\gmall\gmall-usermanage\target\surefire\surefirebooter2232946439845720879.jar, user.script=, sun.management.compiler=HotSpot 64-Bit Tiered Compilers, java.runtime.version=9.0.4+11, user.name=Theodore, path.separator=;, os.version=10.0, java.runtime.name=Java(TM) SE Runtime Environment, file.encoding=GBK, java.vm.name=Java HotSpot(TM) 64-Bit Server VM, localRepository=D:\mavenRepository, java.vendor.url.bug=http://bugreport.java.com/bugreport/, java.io.tmpdir=C:\Users\Theodore\AppData\Local\Temp\, java.version=9.0.4, user.dir=D:\IdeaProjects\gmall\gmall-usermanage, os.arch=amd64, java.vm.specification.name=Java Virtual Machine Specification, java.awt.printerjob=sun.awt.windows.WPrinterJob, sun.os.patch.level=, java.library.path=C:\Program Files\Java\jdk-9.0.4\bin;C:\WINDOWS\Sun\Java\bin;C:\WINDOWS\system32;C:\WINDOWS;C:\Anaconda3;C:\Anaconda3\Library\mingw-w64\bin;C:\Anaconda3\Library\usr\bin;C:\Anaconda3\Library\bin;C:\Anaconda3\Scripts;C:\Program Files\VanDyke Software\Clients\;C:\Program Files (x86)\Intel\Intel(R) Management Engine Components\iCLS\;C:\Program Files\Intel\Intel(R) Management Engine Components\iCLS\;C:\Python37\Scripts\;C:\Python37\;C:\Program Files\Java\jdk-9.0.4\bin;C:\WINDOWS\system32;C:\WINDOWS;C:\WINDOWS\System32\Wbem;C:\WINDOWS\System32\WindowsPowerShell\v1.0\;C:\WINDOWS\System32\OpenSSH\;C:\Program Files\Git\cmd;C:\Program Files (x86)\Intel\Intel(R) Management Engine Components\DAL;C:\Program Files\Intel\Intel(R) Management Engine Components\DAL;C:\Program Files (x86)\Intel\Intel(R) Management Engine Components\IPT;C:\Program Files\Intel\Intel(R) Management Engine Components\IPT;C:\Program Files\MATLAB\R2017a\runtime\win64;C:\Program Files\MATLAB\R2017a\bin;C:\Program Files (x86)\Microsoft SQL Server\100\Tools\Binn\;C:\Program Files\Microsoft SQL Server\100\Tools\Binn\;C:\Program Files\Microsoft SQL Server\100\DTS\Binn\;C:\Program Files (x86)\Microsoft SQL Server\100\Tools\Binn\VSShell\Common7\IDE\;C:\Program Files (x86)\Microsoft Visual Studio 9.0\Common7\IDE\PrivateAssemblies\;C:\Program Files (x86)\Microsoft SQL Server\100\DTS\Binn\;C:\Program Files\MySQL\MySQL Server 8.0\bin;C:\Program Files\Pandoc\;C:\LINGO16\;C:\Program Files\IBM\SPSS\Statistics\24\JRE\bin;C:\Program Files\Microsoft VS Code\bin;C:\Program Files (x86)\Min_GW\mingw64\bin\;C:\Program Files\dotnet\;C:\Program Files (x86)\Calibre2\;C:\Program Files (x86)\Tesseract-OCR;C:\Program Files\nodejs\;D:\apache-maven-3.6.3\bin;C:\Program Files\MySQL\MySQL Shell 8.0\bin\;C:\Users\Theodore\AppData\Local\Microsoft\WindowsApps;C:\Users\Theodore\AppData\Roaming\npm;., java.vm.info=mixed mode, java.vendor=Oracle Corporation, java.vm.version=9.0.4+11, idea.version2019.3=true, sun.io.unicode.encoding=UnicodeLittle, java.class.version=53.0}}, SystemEnvironmentPropertySource@137460818 {name='systemEnvironment', properties={PATH=C:\Anaconda3;C:\Anaconda3\Library\mingw-w64\bin;C:\Anaconda3\Library\usr\bin;C:\Anaconda3\Library\bin;C:\Anaconda3\Scripts;C:\Program Files\VanDyke Software\Clients\;C:\Program Files (x86)\Intel\Intel(R) Management Engine Components\iCLS\;C:\Program Files\Intel\Intel(R) Management Engine Components\iCLS\;C:\Python37\Scripts\;C:\Python37\;C:\Program Files\Java\jdk-9.0.4\bin;C:\WINDOWS\system32;C:\WINDOWS;C:\WINDOWS\System32\Wbem;C:\WINDOWS\System32\WindowsPowerShell\v1.0\;C:\WINDOWS\System32\OpenSSH\;C:\Program Files\Git\cmd;C:\Program Files (x86)\Intel\Intel(R) Management Engine Components\DAL;C:\Program Files\Intel\Intel(R) Management Engine Components\DAL;C:\Program Files (x86)\Intel\Intel(R) Management Engine Components\IPT;C:\Program Files\Intel\Intel(R) Management Engine Components\IPT;C:\Program Files\MATLAB\R2017a\runtime\win64;C:\Program Files\MATLAB\R2017a\bin;C:\Program Files (x86)\Microsoft SQL Server\100\Tools\Binn\;C:\Program Files\Microsoft SQL Server\100\Tools\Binn\;C:\Program Files\Microsoft SQL Server\100\DTS\Binn\;C:\Program Files (x86)\Microsoft SQL Server\100\Tools\Binn\VSShell\Common7\IDE\;C:\Program Files (x86)\Microsoft Visual Studio 9.0\Common7\IDE\PrivateAssemblies\;C:\Program Files (x86)\Microsoft SQL Server\100\DTS\Binn\;C:\Program Files\MySQL\MySQL Server 8.0\bin;C:\Program Files\Pandoc\;C:\LINGO16\;C:\Program Files\IBM\SPSS\Statistics\24\JRE\bin;C:\Program Files\Microsoft VS Code\bin;C:\Program Files (x86)\Min_GW\mingw64\bin\;C:\Program Files\dotnet\;C:\Program Files (x86)\Calibre2\;C:\Program Files (x86)\Tesseract-OCR;C:\Program Files\nodejs\;D:\apache-maven-3.6.3\bin;C:\Program Files\MySQL\MySQL Shell 8.0\bin\;C:\Users\Theodore\AppData\Local\Microsoft\WindowsApps;C:\Users\Theodore\AppData\Roaming\npm, USERDOMAIN_ROAMINGPROFILE=DESKTOP-9ASVE05, LOCALAPPDATA=C:\Users\Theodore\AppData\Local, PROCESSOR_LEVEL=6, SYSTEMDRIVE=C:, COMMONPROGRAMFILES(X86)=C:\Program Files (x86)\Common Files, USERDOMAIN=DESKTOP-9ASVE05, LOGONSERVER=\\DESKTOP-9ASVE05, JAVA_HOME=C:\Program Files\Java\jdk-9.0.4, PROMPT=$P$G, SESSIONNAME=Console, ALLUSERSPROFILE=C:\ProgramData, PROGRAMFILES(X86)=C:\Program Files (x86), PROCESSOR_ARCHITECTURE=AMD64, DRIVERDATA=C:\Windows\System32\Drivers\DriverData, LINGO_16_HOME=C:\LINGO16\, PROGRAMFILES=C:\Program Files, APPDATA=C:\Users\Theodore\AppData\Roaming, PSMODULEPATH=C:\Program Files\WindowsPowerShell\Modules;C:\WINDOWS\system32\WindowsPowerShell\v1.0\Modules, PROGRAMW6432=C:\Program Files, PROGRAMDATA=C:\ProgramData, SYSTEMROOT=C:\WINDOWS, USERNAME=Theodore, ONEDRIVE=C:\Users\Theodore\OneDrive, PATHEXT=.COM;.EXE;.BAT;.CMD;.VBS;.VBE;.JS;.JSE;.WSF;.WSH;.MSC;.PY;.PYW, OS=Windows_NT, COMMONPROGRAMW6432=C:\Program Files\Common Files, COMPUTERNAME=DESKTOP-9ASVE05, ONEDRIVECONSUMER=C:\Users\Theodore\OneDrive, COMMONPROGRAMFILES=C:\Program Files\Common Files, COMSPEC=C:\WINDOWS\system32\cmd.exe, CATALINA_HOME=D:\Tomcat\apache-tomcat-8.5.31, PROCESSOR_REVISION=8e09, CLASSPATH=C:\LINGO16\Lingo16.jar, WINDIR=C:\WINDOWS, =D:=D:\IdeaProjects\gmall\gmall-usermanage, HOMEPATH=\Users\Theodore, TEMP=C:\Users\Theodore\AppData\Local\Temp, HOMEDRIVE=C:, PROCESSOR_IDENTIFIER=Intel64 Family 6 Model 142 Stepping 9, GenuineIntel, USERPROFILE=C:\Users\Theodore, TMP=C:\Users\Theodore\AppData\Local\Temp, M2_HOME=D:\apache-maven-3.6.3, PUBLIC=C:\Users\Public, NUMBER_OF_PROCESSORS=4, =::=::\, IDEA_INITIAL_DIRECTORY=C:\Users\Theodore\Desktop}}]
00:33:21.152 [main] DEBUG org.springframework.core.io.support.PathMatchingResourcePatternResolver - Resolved classpath location [cn/theo/gmall/gmallusermanage/] to resources [URL [file:/D:/IdeaProjects/gmall/gmall-usermanage/target/test-classes/cn/theo/gmall/gmallusermanage/]]
00:33:21.152 [main] DEBUG org.springframework.core.io.support.PathMatchingResourcePatternResolver - Looking for matching resources in directory tree [D:\IdeaProjects\gmall\gmall-usermanage\target\test-classes\cn\theo\gmall\gmallusermanage]
00:33:21.153 [main] DEBUG org.springframework.core.io.support.PathMatchingResourcePatternResolver - Searching directory [D:\IdeaProjects\gmall\gmall-usermanage\target\test-classes\cn\theo\gmall\gmallusermanage] for files matching pattern [D:/IdeaProjects/gmall/gmall-usermanage/target/test-classes/cn/theo/gmall/gmallusermanage/*.class]
00:33:21.156 [main] DEBUG org.springframework.core.io.support.PathMatchingResourcePatternResolver - Resolved location pattern [classpath*:cn/theo/gmall/gmallusermanage/*.class] to resources [file [D:\IdeaProjects\gmall\gmall-usermanage\target\test-classes\cn\theo\gmall\gmallusermanage\GmallUsermanageApplicationTests.class]]
00:33:21.175 [main] DEBUG org.springframework.core.io.support.PathMatchingResourcePatternResolver - Resolved classpath location [cn/theo/gmall/] to resources [URL [file:/D:/IdeaProjects/gmall/gmall-usermanage/target/test-classes/cn/theo/gmall/], URL [file:/D:/IdeaProjects/gmall/gmall-usermanage/target/classes/cn/theo/gmall/], URL [jar:file:/D:/mavenRepository/cn/theo/gmall/gmall-interface/1.0-SNAPSHOT/gmall-interface-1.0-SNAPSHOT.jar!/cn/theo/gmall/], URL [jar:file:/D:/mavenRepository/cn/theo/gmall/gmall-bean/1.0-SNAPSHOT/gmall-bean-1.0-SNAPSHOT.jar!/cn/theo/gmall/]]
00:33:21.175 [main] DEBUG org.springframework.core.io.support.PathMatchingResourcePatternResolver - Looking for matching resources in directory tree [D:\IdeaProjects\gmall\gmall-usermanage\target\test-classes\cn\theo\gmall]
00:33:21.175 [main] DEBUG org.springframework.core.io.support.PathMatchingResourcePatternResolver - Searching directory [D:\IdeaProjects\gmall\gmall-usermanage\target\test-classes\cn\theo\gmall] for files matching pattern [D:/IdeaProjects/gmall/gmall-usermanage/target/test-classes/cn/theo/gmall/*.class]
00:33:21.176 [main] DEBUG org.springframework.core.io.support.PathMatchingResourcePatternResolver - Looking for matching resources in directory tree [D:\IdeaProjects\gmall\gmall-usermanage\target\classes\cn\theo\gmall]
00:33:21.176 [main] DEBUG org.springframework.core.io.support.PathMatchingResourcePatternResolver - Searching directory [D:\IdeaProjects\gmall\gmall-usermanage\target\classes\cn\theo\gmall] for files matching pattern [D:/IdeaProjects/gmall/gmall-usermanage/target/classes/cn/theo/gmall/*.class]
00:33:21.178 [main] DEBUG org.springframework.core.io.support.PathMatchingResourcePatternResolver - Looking for matching resources in jar file [file:/D:/mavenRepository/cn/theo/gmall/gmall-interface/1.0-SNAPSHOT/gmall-interface-1.0-SNAPSHOT.jar]
00:33:21.179 [main] DEBUG org.springframework.core.io.support.PathMatchingResourcePatternResolver - Looking for matching resources in jar file [file:/D:/mavenRepository/cn/theo/gmall/gmall-bean/1.0-SNAPSHOT/gmall-bean-1.0-SNAPSHOT.jar]
00:33:21.179 [main] DEBUG org.springframework.core.io.support.PathMatchingResourcePatternResolver - Resolved location pattern [classpath*:cn/theo/gmall/*.class] to resources []
00:33:21.180 [main] DEBUG org.springframework.core.io.support.PathMatchingResourcePatternResolver - Resolved classpath location [cn/theo/] to resources [URL [file:/D:/IdeaProjects/gmall/gmall-usermanage/target/test-classes/cn/theo/], URL [file:/D:/IdeaProjects/gmall/gmall-usermanage/target/classes/cn/theo/], URL [jar:file:/D:/mavenRepository/cn/theo/gmall/gmall-interface/1.0-SNAPSHOT/gmall-interface-1.0-SNAPSHOT.jar!/cn/theo/], URL [jar:file:/D:/mavenRepository/cn/theo/gmall/gmall-bean/1.0-SNAPSHOT/gmall-bean-1.0-SNAPSHOT.jar!/cn/theo/]]
00:33:21.180 [main] DEBUG org.springframework.core.io.support.PathMatchingResourcePatternResolver - Looking for matching resources in directory tree [D:\IdeaProjects\gmall\gmall-usermanage\target\test-classes\cn\theo]
00:33:21.181 [main] DEBUG org.springframework.core.io.support.PathMatchingResourcePatternResolver - Searching directory [D:\IdeaProjects\gmall\gmall-usermanage\target\test-classes\cn\theo] for files matching pattern [D:/IdeaProjects/gmall/gmall-usermanage/target/test-classes/cn/theo/*.class]
00:33:21.184 [main] DEBUG org.springframework.core.io.support.PathMatchingResourcePatternResolver - Looking for matching resources in directory tree [D:\IdeaProjects\gmall\gmall-usermanage\target\classes\cn\theo]
00:33:21.184 [main] DEBUG org.springframework.core.io.support.PathMatchingResourcePatternResolver - Searching directory [D:\IdeaProjects\gmall\gmall-usermanage\target\classes\cn\theo] for files matching pattern [D:/IdeaProjects/gmall/gmall-usermanage/target/classes/cn/theo/*.class]
00:33:21.186 [main] DEBUG org.springframework.core.io.support.PathMatchingResourcePatternResolver - Looking for matching resources in jar file [file:/D:/mavenRepository/cn/theo/gmall/gmall-interface/1.0-SNAPSHOT/gmall-interface-1.0-SNAPSHOT.jar]
00:33:21.187 [main] DEBUG org.springframework.core.io.support.PathMatchingResourcePatternResolver - Looking for matching resources in jar file [file:/D:/mavenRepository/cn/theo/gmall/gmall-bean/1.0-SNAPSHOT/gmall-bean-1.0-SNAPSHOT.jar]
00:33:21.188 [main] DEBUG org.springframework.core.io.support.PathMatchingResourcePatternResolver - Resolved location pattern [classpath*:cn/theo/*.class] to resources []
00:33:21.189 [main] DEBUG org.springframework.core.io.support.PathMatchingResourcePatternResolver - Resolved classpath location [cn/] to resources [URL [file:/D:/IdeaProjects/gmall/gmall-usermanage/target/test-classes/cn/], URL [file:/D:/IdeaProjects/gmall/gmall-usermanage/target/classes/cn/], URL [jar:file:/D:/mavenRepository/cn/theo/gmall/gmall-interface/1.0-SNAPSHOT/gmall-interface-1.0-SNAPSHOT.jar!/cn/], URL [jar:file:/D:/mavenRepository/cn/theo/gmall/gmall-bean/1.0-SNAPSHOT/gmall-bean-1.0-SNAPSHOT.jar!/cn/]]
00:33:21.189 [main] DEBUG org.springframework.core.io.support.PathMatchingResourcePatternResolver - Looking for matching resources in directory tree [D:\IdeaProjects\gmall\gmall-usermanage\target\test-classes\cn]
00:33:21.190 [main] DEBUG org.springframework.core.io.support.PathMatchingResourcePatternResolver - Searching directory [D:\IdeaProjects\gmall\gmall-usermanage\target\test-classes\cn] for files matching pattern [D:/IdeaProjects/gmall/gmall-usermanage/target/test-classes/cn/*.class]
00:33:21.190 [main] DEBUG org.springframework.core.io.support.PathMatchingResourcePatternResolver - Looking for matching resources in directory tree [D:\IdeaProjects\gmall\gmall-usermanage\target\classes\cn]
00:33:21.191 [main] DEBUG org.springframework.core.io.support.PathMatchingResourcePatternResolver - Searching directory [D:\IdeaProjects\gmall\gmall-usermanage\target\classes\cn] for files matching pattern [D:/IdeaProjects/gmall/gmall-usermanage/target/classes/cn/*.class]
00:33:21.192 [main] DEBUG org.springframework.core.io.support.PathMatchingResourcePatternResolver - Looking for matching resources in jar file [file:/D:/mavenRepository/cn/theo/gmall/gmall-interface/1.0-SNAPSHOT/gmall-interface-1.0-SNAPSHOT.jar]
00:33:21.196 [main] DEBUG org.springframework.core.io.support.PathMatchingResourcePatternResolver - Looking for matching resources in jar file [file:/D:/mavenRepository/cn/theo/gmall/gmall-bean/1.0-SNAPSHOT/gmall-bean-1.0-SNAPSHOT.jar]
00:33:21.196 [main] DEBUG org.springframework.core.io.support.PathMatchingResourcePatternResolver - Resolved location pattern [classpath*:cn/*.class] to resources []
00:33:21.203 [main] DEBUG org.springframework.test.context.junit4.SpringJUnit4ClassRunner - SpringJUnit4ClassRunner constructor called with [class cn.theo.gmall.gmallusermanage.GmallUsermanageApplicationTests]
00:33:21.203 [main] DEBUG org.springframework.test.context.BootstrapUtils - Instantiating CacheAwareContextLoaderDelegate from class [org.springframework.test.context.cache.DefaultCacheAwareContextLoaderDelegate]
00:33:21.204 [main] DEBUG org.springframework.test.context.BootstrapUtils - Instantiating BootstrapContext using constructor [public org.springframework.test.context.support.DefaultBootstrapContext(java.lang.Class,org.springframework.test.context.CacheAwareContextLoaderDelegate)]
00:33:21.206 [main] DEBUG org.springframework.test.context.BootstrapUtils - Instantiating TestContextBootstrapper for test class [cn.theo.gmall.gmallusermanage.GmallUsermanageApplicationTests] from class [org.springframework.boot.test.context.SpringBootTestContextBootstrapper]
00:33:21.207 [main] INFO org.springframework.boot.test.context.SpringBootTestContextBootstrapper - Neither @ContextConfiguration nor @ContextHierarchy found for test class [cn.theo.gmall.gmallusermanage.GmallUsermanageApplicationTests], using SpringBootContextLoader
00:33:21.212 [main] DEBUG org.springframework.test.context.support.AbstractContextLoader - Did not detect default resource location for test class [cn.theo.gmall.gmallusermanage.GmallUsermanageApplicationTests]: class path resource [cn/theo/gmall/gmallusermanage/GmallUsermanageApplicationTests-context.xml] does not exist
00:33:21.212 [main] DEBUG org.springframework.test.context.support.AbstractContextLoader - Did not detect default resource location for test class [cn.theo.gmall.gmallusermanage.GmallUsermanageApplicationTests]: class path resource [cn/theo/gmall/gmallusermanage/GmallUsermanageApplicationTestsContext.groovy] does not exist
00:33:21.213 [main] INFO org.springframework.test.context.support.AbstractContextLoader - Could not detect default resource locations for test class [cn.theo.gmall.gmallusermanage.GmallUsermanageApplicationTests]: no resource found for suffixes {-context.xml, Context.groovy}.
00:33:21.213 [main] INFO org.springframework.test.context.support.AnnotationConfigContextLoaderUtils - Could not detect default configuration classes for test class [cn.theo.gmall.gmallusermanage.GmallUsermanageApplicationTests]: GmallUsermanageApplicationTests does not declare any static, non-private, non-final, nested classes annotated with @Configuration.
00:33:21.244 [main] DEBUG org.springframework.test.context.support.ActiveProfilesUtils - Could not find an 'annotation declaring class' for annotation type [org.springframework.test.context.ActiveProfiles] and class [cn.theo.gmall.gmallusermanage.GmallUsermanageApplicationTests]
00:33:21.245 [main] DEBUG org.springframework.core.env.StandardEnvironment - Adding PropertySource 'systemProperties' with lowest search precedence
00:33:21.245 [main] DEBUG org.springframework.core.env.StandardEnvironment - Adding PropertySource 'systemEnvironment' with lowest search precedence
00:33:21.246 [main] DEBUG org.springframework.core.env.StandardEnvironment - Initialized StandardEnvironment with PropertySources [MapPropertySource@586127428 {name='systemProperties', properties={sun.desktop=windows, awt.toolkit=sun.awt.windows.WToolkit, java.specification.version=9, file.encoding.pkg=sun.io, sun.cpu.isalist=amd64, sun.jnu.encoding=GBK, java.class.path=D:\IdeaProjects\gmall\gmall-usermanage\target\test-classes;D:\IdeaProjects\gmall\gmall-usermanage\target\classes;D:\mavenRepository\cn\theo\gmall\gmall-interface\1.0-SNAPSHOT\gmall-interface-1.0-SNAPSHOT.jar;D:\mavenRepository\cn\theo\gmall\gmall-bean\1.0-SNAPSHOT\gmall-bean-1.0-SNAPSHOT.jar;D:\mavenRepository\tk\mybatis\mapper-spring-boot-starter\1.2.3\mapper-spring-boot-starter-1.2.3.jar;D:\mavenRepository\tk\mybatis\mapper-spring-boot-autoconfigure\1.2.3\mapper-spring-boot-autoconfigure-1.2.3.jar;D:\mavenRepository\org\slf4j\slf4j-api\1.7.25\slf4j-api-1.7.25.jar;D:\mavenRepository\tk\mybatis\mapper\3.5.2\mapper-3.5.2.jar;D:\mavenRepository\javax\persistence\persistence-api\1.0\persistence-api-1.0.jar;D:\mavenRepository\cn\theo\gmall\gmall-service-util\1.0-SNAPSHOT\gmall-service-util-1.0-SNAPSHOT.jar;D:\mavenRepository\cn\theo\gmall\gmall-common-util\1.0-SNAPSHOT\gmall-common-util-1.0-SNAPSHOT.jar;D:\mavenRepository\org\springframework\boot\spring-boot-starter-test\1.5.10.RELEASE\spring-boot-starter-test-1.5.10.RELEASE.jar;D:\mavenRepository\org\springframework\boot\spring-boot-test\1.5.10.RELEASE\spring-boot-test-1.5.10.RELEASE.jar;D:\mavenRepository\org\springframework\boot\spring-boot-test-autoconfigure\1.5.10.RELEASE\spring-boot-test-autoconfigure-1.5.10.RELEASE.jar;D:\mavenRepository\com\jayway\jsonpath\json-path\2.2.0\json-path-2.2.0.jar;D:\mavenRepository\net\minidev\json-smart\2.2.1\json-smart-2.2.1.jar;D:\mavenRepository\net\minidev\accessors-smart\1.1\accessors-smart-1.1.jar;D:\mavenRepository\org\ow2\asm\asm\5.0.3\asm-5.0.3.jar;D:\mavenRepository\junit\junit\4.12\junit-4.12.jar;D:\mavenRepository\org\assertj\assertj-core\2.6.0\assertj-core-2.6.0.jar;D:\mavenRepository\org\mockito\mockito-core\1.10.19\mockito-core-1.10.19.jar;D:\mavenRepository\org\objenesis\objenesis\2.1\objenesis-2.1.jar;D:\mavenRepository\org\hamcrest\hamcrest-core\1.3\hamcrest-core-1.3.jar;D:\mavenRepository\org\hamcrest\hamcrest-library\1.3\hamcrest-library-1.3.jar;D:\mavenRepository\org\skyscreamer\jsonassert\1.4.0\jsonassert-1.4.0.jar;D:\mavenRepository\com\vaadin\external\google\android-json\0.0.20131108.vaadin1\android-json-0.0.20131108.vaadin1.jar;D:\mavenRepository\org\springframework\spring-core\4.3.14.RELEASE\spring-core-4.3.14.RELEASE.jar;D:\mavenRepository\org\springframework\spring-test\4.3.14.RELEASE\spring-test-4.3.14.RELEASE.jar;D:\mavenRepository\org\springframework\boot\spring-boot-starter-web\1.5.10.RELEASE\spring-boot-starter-web-1.5.10.RELEASE.jar;D:\mavenRepository\org\springframework\boot\spring-boot-starter-tomcat\1.5.10.RELEASE\spring-boot-starter-tomcat-1.5.10.RELEASE.jar;D:\mavenRepository\org\apache\tomcat\embed\tomcat-embed-core\8.5.27\tomcat-embed-core-8.5.27.jar;D:\mavenRepository\org\apache\tomcat\tomcat-annotations-api\8.5.27\tomcat-annotations-api-8.5.27.jar;D:\mavenRepository\org\apache\tomcat\embed\tomcat-embed-el\8.5.27\tomcat-embed-el-8.5.27.jar;D:\mavenRepository\org\apache\tomcat\embed\tomcat-embed-websocket\8.5.27\tomcat-embed-websocket-8.5.27.jar;D:\mavenRepository\org\hibernate\hibernate-validator\5.3.6.Final\hibernate-validator-5.3.6.Final.jar;D:\mavenRepository\javax\validation\validation-api\1.1.0.Final\validation-api-1.1.0.Final.jar;D:\mavenRepository\org\jboss\logging\jboss-logging\3.3.1.Final\jboss-logging-3.3.1.Final.jar;D:\mavenRepository\com\fasterxml\classmate\1.3.4\classmate-1.3.4.jar;D:\mavenRepository\com\fasterxml\jackson\core\jackson-databind\2.8.10\jackson-databind-2.8.10.jar;D:\mavenRepository\com\fasterxml\jackson\core\jackson-annotations\2.8.0\jackson-annotations-2.8.0.jar;D:\mavenRepository\com\fasterxml\jackson\core\jackson-core\2.8.10\jackson-core-2.8.10.jar;D:\mavenRepository\org\springframework\spring-web\4.3.14.RELEASE\spring-web-4.3.14.RELEASE.jar;D:\mavenRepository\org\springframework\spring-aop\4.3.14.RELEASE\spring-aop-4.3.14.RELEASE.jar;D:\mavenRepository\org\springframework\spring-context\4.3.14.RELEASE\spring-context-4.3.14.RELEASE.jar;D:\mavenRepository\org\springframework\spring-webmvc\4.3.14.RELEASE\spring-webmvc-4.3.14.RELEASE.jar;D:\mavenRepository\org\springframework\spring-expression\4.3.14.RELEASE\spring-expression-4.3.14.RELEASE.jar;D:\mavenRepository\org\apache\httpcomponents\httpclient\4.5.5\httpclient-4.5.5.jar;D:\mavenRepository\org\apache\httpcomponents\httpcore\4.4.9\httpcore-4.4.9.jar;D:\mavenRepository\commons-logging\commons-logging\1.2\commons-logging-1.2.jar;D:\mavenRepository\org\apache\commons\commons-lang3\3.7\commons-lang3-3.7.jar;D:\mavenRepository\commons-beanutils\commons-beanutils\1.9.3\commons-beanutils-1.9.3.jar;D:\mavenRepository\commons-collections\commons-collections\3.2.2\commons-collections-3.2.2.jar;D:\mavenRepository\commons-codec\commons-codec\1.10\commons-codec-1.10.jar;D:\mavenRepository\com\alibaba\fastjson\1.2.46\fastjson-1.2.46.jar;D:\mavenRepository\org\springframework\boot\spring-boot-starter-jdbc\1.5.10.RELEASE\spring-boot-starter-jdbc-1.5.10.RELEASE.jar;D:\mavenRepository\org\springframework\boot\spring-boot-starter\1.5.10.RELEASE\spring-boot-starter-1.5.10.RELEASE.jar;D:\mavenRepository\org\springframework\boot\spring-boot\1.5.10.RELEASE\spring-boot-1.5.10.RELEASE.jar;D:\mavenRepository\org\springframework\boot\spring-boot-autoconfigure\1.5.10.RELEASE\spring-boot-autoconfigure-1.5.10.RELEASE.jar;D:\mavenRepository\org\springframework\boot\spring-boot-starter-logging\1.5.10.RELEASE\spring-boot-starter-logging-1.5.10.RELEASE.jar;D:\mavenRepository\ch\qos\logback\logback-classic\1.1.11\logback-classic-1.1.11.jar;D:\mavenRepository\ch\qos\logback\logback-core\1.1.11\logback-core-1.1.11.jar;D:\mavenRepository\org\slf4j\jcl-over-slf4j\1.7.25\jcl-over-slf4j-1.7.25.jar;D:\mavenRepository\org\slf4j\jul-to-slf4j\1.7.25\jul-to-slf4j-1.7.25.jar;D:\mavenRepository\org\slf4j\log4j-over-slf4j\1.7.25\log4j-over-slf4j-1.7.25.jar;D:\mavenRepository\org\yaml\snakeyaml\1.17\snakeyaml-1.17.jar;D:\mavenRepository\org\apache\tomcat\tomcat-jdbc\8.5.27\tomcat-jdbc-8.5.27.jar;D:\mavenRepository\org\apache\tomcat\tomcat-juli\8.5.27\tomcat-juli-8.5.27.jar;D:\mavenRepository\org\springframework\spring-jdbc\4.3.14.RELEASE\spring-jdbc-4.3.14.RELEASE.jar;D:\mavenRepository\org\springframework\spring-beans\4.3.14.RELEASE\spring-beans-4.3.14.RELEASE.jar;D:\mavenRepository\org\springframework\spring-tx\4.3.14.RELEASE\spring-tx-4.3.14.RELEASE.jar;D:\mavenRepository\org\mybatis\spring\boot\mybatis-spring-boot-starter\1.3.1\mybatis-spring-boot-starter-1.3.1.jar;D:\mavenRepository\org\mybatis\spring\boot\mybatis-spring-boot-autoconfigure\1.3.1\mybatis-spring-boot-autoconfigure-1.3.1.jar;D:\mavenRepository\org\mybatis\mybatis\3.4.5\mybatis-3.4.5.jar;D:\mavenRepository\org\mybatis\mybatis-spring\1.3.1\mybatis-spring-1.3.1.jar;D:\mavenRepository\mysql\mysql-connector-java\5.1.45\mysql-connector-java-5.1.45.jar;D:\mavenRepository\redis\clients\jedis\2.9.0\jedis-2.9.0.jar;D:\mavenRepository\org\apache\commons\commons-pool2\2.4.3\commons-pool2-2.4.3.jar;, java.vm.vendor=Oracle Corporation, sun.arch.data.model=64, user.variant=, java.vendor.url=http://java.oracle.com/, user.timezone=Asia/Shanghai, os.name=Windows 10, java.vm.specification.version=9, sun.java.launcher=SUN_STANDARD, user.country=CN, sun.boot.library.path=C:\Program Files\Java\jdk-9.0.4\bin, sun.java.command=D:\IdeaProjects\gmall\gmall-usermanage\target\surefire\surefirebooter2232946439845720879.jar D:\IdeaProjects\gmall\gmall-usermanage\target\surefire\surefire10084220750271143988tmp D:\IdeaProjects\gmall\gmall-usermanage\target\surefire\surefire_01379993579678844684tmp, jdk.debug=release, surefire.test.class.path=D:\IdeaProjects\gmall\gmall-usermanage\target\test-classes;D:\IdeaProjects\gmall\gmall-usermanage\target\classes;D:\mavenRepository\cn\theo\gmall\gmall-interface\1.0-SNAPSHOT\gmall-interface-1.0-SNAPSHOT.jar;D:\mavenRepository\cn\theo\gmall\gmall-bean\1.0-SNAPSHOT\gmall-bean-1.0-SNAPSHOT.jar;D:\mavenRepository\tk\mybatis\mapper-spring-boot-starter\1.2.3\mapper-spring-boot-starter-1.2.3.jar;D:\mavenRepository\tk\mybatis\mapper-spring-boot-autoconfigure\1.2.3\mapper-spring-boot-autoconfigure-1.2.3.jar;D:\mavenRepository\org\slf4j\slf4j-api\1.7.25\slf4j-api-1.7.25.jar;D:\mavenRepository\tk\mybatis\mapper\3.5.2\mapper-3.5.2.jar;D:\mavenRepository\javax\persistence\persistence-api\1.0\persistence-api-1.0.jar;D:\mavenRepository\cn\theo\gmall\gmall-service-util\1.0-SNAPSHOT\gmall-service-util-1.0-SNAPSHOT.jar;D:\mavenRepository\cn\theo\gmall\gmall-common-util\1.0-SNAPSHOT\gmall-common-util-1.0-SNAPSHOT.jar;D:\mavenRepository\org\springframework\boot\spring-boot-starter-test\1.5.10.RELEASE\spring-boot-starter-test-1.5.10.RELEASE.jar;D:\mavenRepository\org\springframework\boot\spring-boot-test\1.5.10.RELEASE\spring-boot-test-1.5.10.RELEASE.jar;D:\mavenRepository\org\springframework\boot\spring-boot-test-autoconfigure\1.5.10.RELEASE\spring-boot-test-autoconfigure-1.5.10.RELEASE.jar;D:\mavenRepository\com\jayway\jsonpath\json-path\2.2.0\json-path-2.2.0.jar;D:\mavenRepository\net\minidev\json-smart\2.2.1\json-smart-2.2.1.jar;D:\mavenRepository\net\minidev\accessors-smart\1.1\accessors-smart-1.1.jar;D:\mavenRepository\org\ow2\asm\asm\5.0.3\asm-5.0.3.jar;D:\mavenRepository\junit\junit\4.12\junit-4.12.jar;D:\mavenRepository\org\assertj\assertj-core\2.6.0\assertj-core-2.6.0.jar;D:\mavenRepository\org\mockito\mockito-core\1.10.19\mockito-core-1.10.19.jar;D:\mavenRepository\org\objenesis\objenesis\2.1\objenesis-2.1.jar;D:\mavenRepository\org\hamcrest\hamcrest-core\1.3\hamcrest-core-1.3.jar;D:\mavenRepository\org\hamcrest\hamcrest-library\1.3\hamcrest-library-1.3.jar;D:\mavenRepository\org\skyscreamer\jsonassert\1.4.0\jsonassert-1.4.0.jar;D:\mavenRepository\com\vaadin\external\google\android-json\0.0.20131108.vaadin1\android-json-0.0.20131108.vaadin1.jar;D:\mavenRepository\org\springframework\spring-core\4.3.14.RELEASE\spring-core-4.3.14.RELEASE.jar;D:\mavenRepository\org\springframework\spring-test\4.3.14.RELEASE\spring-test-4.3.14.RELEASE.jar;D:\mavenRepository\org\springframework\boot\spring-boot-starter-web\1.5.10.RELEASE\spring-boot-starter-web-1.5.10.RELEASE.jar;D:\mavenRepository\org\springframework\boot\spring-boot-starter-tomcat\1.5.10.RELEASE\spring-boot-starter-tomcat-1.5.10.RELEASE.jar;D:\mavenRepository\org\apache\tomcat\embed\tomcat-embed-core\8.5.27\tomcat-embed-core-8.5.27.jar;D:\mavenRepository\org\apache\tomcat\tomcat-annotations-api\8.5.27\tomcat-annotations-api-8.5.27.jar;D:\mavenRepository\org\apache\tomcat\embed\tomcat-embed-el\8.5.27\tomcat-embed-el-8.5.27.jar;D:\mavenRepository\org\apache\tomcat\embed\tomcat-embed-websocket\8.5.27\tomcat-embed-websocket-8.5.27.jar;D:\mavenRepository\org\hibernate\hibernate-validator\5.3.6.Final\hibernate-validator-5.3.6.Final.jar;D:\mavenRepository\javax\validation\validation-api\1.1.0.Final\validation-api-1.1.0.Final.jar;D:\mavenRepository\org\jboss\logging\jboss-logging\3.3.1.Final\jboss-logging-3.3.1.Final.jar;D:\mavenRepository\com\fasterxml\classmate\1.3.4\classmate-1.3.4.jar;D:\mavenRepository\com\fasterxml\jackson\core\jackson-databind\2.8.10\jackson-databind-2.8.10.jar;D:\mavenRepository\com\fasterxml\jackson\core\jackson-annotations\2.8.0\jackson-annotations-2.8.0.jar;D:\mavenRepository\com\fasterxml\jackson\core\jackson-core\2.8.10\jackson-core-2.8.10.jar;D:\mavenRepository\org\springframework\spring-web\4.3.14.RELEASE\spring-web-4.3.14.RELEASE.jar;D:\mavenRepository\org\springframework\spring-aop\4.3.14.RELEASE\spring-aop-4.3.14.RELEASE.jar;D:\mavenRepository\org\springframework\spring-context\4.3.14.RELEASE\spring-context-4.3.14.RELEASE.jar;D:\mavenRepository\org\springframework\spring-webmvc\4.3.14.RELEASE\spring-webmvc-4.3.14.RELEASE.jar;D:\mavenRepository\org\springframework\spring-expression\4.3.14.RELEASE\spring-expression-4.3.14.RELEASE.jar;D:\mavenRepository\org\apache\httpcomponents\httpclient\4.5.5\httpclient-4.5.5.jar;D:\mavenRepository\org\apache\httpcomponents\httpcore\4.4.9\httpcore-4.4.9.jar;D:\mavenRepository\commons-logging\commons-logging\1.2\commons-logging-1.2.jar;D:\mavenRepository\org\apache\commons\commons-lang3\3.7\commons-lang3-3.7.jar;D:\mavenRepository\commons-beanutils\commons-beanutils\1.9.3\commons-beanutils-1.9.3.jar;D:\mavenRepository\commons-collections\commons-collections\3.2.2\commons-collections-3.2.2.jar;D:\mavenRepository\commons-codec\commons-codec\1.10\commons-codec-1.10.jar;D:\mavenRepository\com\alibaba\fastjson\1.2.46\fastjson-1.2.46.jar;D:\mavenRepository\org\springframework\boot\spring-boot-starter-jdbc\1.5.10.RELEASE\spring-boot-starter-jdbc-1.5.10.RELEASE.jar;D:\mavenRepository\org\springframework\boot\spring-boot-starter\1.5.10.RELEASE\spring-boot-starter-1.5.10.RELEASE.jar;D:\mavenRepository\org\springframework\boot\spring-boot\1.5.10.RELEASE\spring-boot-1.5.10.RELEASE.jar;D:\mavenRepository\org\springframework\boot\spring-boot-autoconfigure\1.5.10.RELEASE\spring-boot-autoconfigure-1.5.10.RELEASE.jar;D:\mavenRepository\org\springframework\boot\spring-boot-starter-logging\1.5.10.RELEASE\spring-boot-starter-logging-1.5.10.RELEASE.jar;D:\mavenRepository\ch\qos\logback\logback-classic\1.1.11\logback-classic-1.1.11.jar;D:\mavenRepository\ch\qos\logback\logback-core\1.1.11\logback-core-1.1.11.jar;D:\mavenRepository\org\slf4j\jcl-over-slf4j\1.7.25\jcl-over-slf4j-1.7.25.jar;D:\mavenRepository\org\slf4j\jul-to-slf4j\1.7.25\jul-to-slf4j-1.7.25.jar;D:\mavenRepository\org\slf4j\log4j-over-slf4j\1.7.25\log4j-over-slf4j-1.7.25.jar;D:\mavenRepository\org\yaml\snakeyaml\1.17\snakeyaml-1.17.jar;D:\mavenRepository\org\apache\tomcat\tomcat-jdbc\8.5.27\tomcat-jdbc-8.5.27.jar;D:\mavenRepository\org\apache\tomcat\tomcat-juli\8.5.27\tomcat-juli-8.5.27.jar;D:\mavenRepository\org\springframework\spring-jdbc\4.3.14.RELEASE\spring-jdbc-4.3.14.RELEASE.jar;D:\mavenRepository\org\springframework\spring-beans\4.3.14.RELEASE\spring-beans-4.3.14.RELEASE.jar;D:\mavenRepository\org\springframework\spring-tx\4.3.14.RELEASE\spring-tx-4.3.14.RELEASE.jar;D:\mavenRepository\org\mybatis\spring\boot\mybatis-spring-boot-starter\1.3.1\mybatis-spring-boot-starter-1.3.1.jar;D:\mavenRepository\org\mybatis\spring\boot\mybatis-spring-boot-autoconfigure\1.3.1\mybatis-spring-boot-autoconfigure-1.3.1.jar;D:\mavenRepository\org\mybatis\mybatis\3.4.5\mybatis-3.4.5.jar;D:\mavenRepository\org\mybatis\mybatis-spring\1.3.1\mybatis-spring-1.3.1.jar;D:\mavenRepository\mysql\mysql-connector-java\5.1.45\mysql-connector-java-5.1.45.jar;D:\mavenRepository\redis\clients\jedis\2.9.0\jedis-2.9.0.jar;D:\mavenRepository\org\apache\commons\commons-pool2\2.4.3\commons-pool2-2.4.3.jar;, sun.cpu.endian=little, user.home=C:\Users\Theodore, user.language=zh, java.specification.vendor=Oracle Corporation, java.home=C:\Program Files\Java\jdk-9.0.4, file.separator=\, basedir=D:\IdeaProjects\gmall\gmall-usermanage, java.vm.compressedOopsMode=32-bit, line.separator=
, java.vm.specification.vendor=Oracle Corporation, java.specification.name=Java Platform API Specification, java.awt.graphicsenv=sun.awt.Win32GraphicsEnvironment, surefire.real.class.path=D:\IdeaProjects\gmall\gmall-usermanage\target\surefire\surefirebooter2232946439845720879.jar, user.script=, sun.management.compiler=HotSpot 64-Bit Tiered Compilers, java.runtime.version=9.0.4+11, user.name=Theodore, path.separator=;, os.version=10.0, java.runtime.name=Java(TM) SE Runtime Environment, file.encoding=GBK, java.vm.name=Java HotSpot(TM) 64-Bit Server VM, localRepository=D:\mavenRepository, java.vendor.url.bug=http://bugreport.java.com/bugreport/, java.io.tmpdir=C:\Users\Theodore\AppData\Local\Temp\, java.version=9.0.4, user.dir=D:\IdeaProjects\gmall\gmall-usermanage, os.arch=amd64, java.vm.specification.name=Java Virtual Machine Specification, java.awt.printerjob=sun.awt.windows.WPrinterJob, sun.os.patch.level=, java.library.path=C:\Program Files\Java\jdk-9.0.4\bin;C:\WINDOWS\Sun\Java\bin;C:\WINDOWS\system32;C:\WINDOWS;C:\Anaconda3;C:\Anaconda3\Library\mingw-w64\bin;C:\Anaconda3\Library\usr\bin;C:\Anaconda3\Library\bin;C:\Anaconda3\Scripts;C:\Program Files\VanDyke Software\Clients\;C:\Program Files (x86)\Intel\Intel(R) Management Engine Components\iCLS\;C:\Program Files\Intel\Intel(R) Management Engine Components\iCLS\;C:\Python37\Scripts\;C:\Python37\;C:\Program Files\Java\jdk-9.0.4\bin;C:\WINDOWS\system32;C:\WINDOWS;C:\WINDOWS\System32\Wbem;C:\WINDOWS\System32\WindowsPowerShell\v1.0\;C:\WINDOWS\System32\OpenSSH\;C:\Program Files\Git\cmd;C:\Program Files (x86)\Intel\Intel(R) Management Engine Components\DAL;C:\Program Files\Intel\Intel(R) Management Engine Components\DAL;C:\Program Files (x86)\Intel\Intel(R) Management Engine Components\IPT;C:\Program Files\Intel\Intel(R) Management Engine Components\IPT;C:\Program Files\MATLAB\R2017a\runtime\win64;C:\Program Files\MATLAB\R2017a\bin;C:\Program Files (x86)\Microsoft SQL Server\100\Tools\Binn\;C:\Program Files\Microsoft SQL Server\100\Tools\Binn\;C:\Program Files\Microsoft SQL Server\100\DTS\Binn\;C:\Program Files (x86)\Microsoft SQL Server\100\Tools\Binn\VSShell\Common7\IDE\;C:\Program Files (x86)\Microsoft Visual Studio 9.0\Common7\IDE\PrivateAssemblies\;C:\Program Files (x86)\Microsoft SQL Server\100\DTS\Binn\;C:\Program Files\MySQL\MySQL Server 8.0\bin;C:\Program Files\Pandoc\;C:\LINGO16\;C:\Program Files\IBM\SPSS\Statistics\24\JRE\bin;C:\Program Files\Microsoft VS Code\bin;C:\Program Files (x86)\Min_GW\mingw64\bin\;C:\Program Files\dotnet\;C:\Program Files (x86)\Calibre2\;C:\Program Files (x86)\Tesseract-OCR;C:\Program Files\nodejs\;D:\apache-maven-3.6.3\bin;C:\Program Files\MySQL\MySQL Shell 8.0\bin\;C:\Users\Theodore\AppData\Local\Microsoft\WindowsApps;C:\Users\Theodore\AppData\Roaming\npm;., java.vm.info=mixed mode, java.vendor=Oracle Corporation, java.vm.version=9.0.4+11, idea.version2019.3=true, sun.io.unicode.encoding=UnicodeLittle, java.class.version=53.0}}, SystemEnvironmentPropertySource@1652807864 {name='systemEnvironment', properties={PATH=C:\Anaconda3;C:\Anaconda3\Library\mingw-w64\bin;C:\Anaconda3\Library\usr\bin;C:\Anaconda3\Library\bin;C:\Anaconda3\Scripts;C:\Program Files\VanDyke Software\Clients\;C:\Program Files (x86)\Intel\Intel(R) Management Engine Components\iCLS\;C:\Program Files\Intel\Intel(R) Management Engine Components\iCLS\;C:\Python37\Scripts\;C:\Python37\;C:\Program Files\Java\jdk-9.0.4\bin;C:\WINDOWS\system32;C:\WINDOWS;C:\WINDOWS\System32\Wbem;C:\WINDOWS\System32\WindowsPowerShell\v1.0\;C:\WINDOWS\System32\OpenSSH\;C:\Program Files\Git\cmd;C:\Program Files (x86)\Intel\Intel(R) Management Engine Components\DAL;C:\Program Files\Intel\Intel(R) Management Engine Components\DAL;C:\Program Files (x86)\Intel\Intel(R) Management Engine Components\IPT;C:\Program Files\Intel\Intel(R) Management Engine Components\IPT;C:\Program Files\MATLAB\R2017a\runtime\win64;C:\Program Files\MATLAB\R2017a\bin;C:\Program Files (x86)\Microsoft SQL Server\100\Tools\Binn\;C:\Program Files\Microsoft SQL Server\100\Tools\Binn\;C:\Program Files\Microsoft SQL Server\100\DTS\Binn\;C:\Program Files (x86)\Microsoft SQL Server\100\Tools\Binn\VSShell\Common7\IDE\;C:\Program Files (x86)\Microsoft Visual Studio 9.0\Common7\IDE\PrivateAssemblies\;C:\Program Files (x86)\Microsoft SQL Server\100\DTS\Binn\;C:\Program Files\MySQL\MySQL Server 8.0\bin;C:\Program Files\Pandoc\;C:\LINGO16\;C:\Program Files\IBM\SPSS\Statistics\24\JRE\bin;C:\Program Files\Microsoft VS Code\bin;C:\Program Files (x86)\Min_GW\mingw64\bin\;C:\Program Files\dotnet\;C:\Program Files (x86)\Calibre2\;C:\Program Files (x86)\Tesseract-OCR;C:\Program Files\nodejs\;D:\apache-maven-3.6.3\bin;C:\Program Files\MySQL\MySQL Shell 8.0\bin\;C:\Users\Theodore\AppData\Local\Microsoft\WindowsApps;C:\Users\Theodore\AppData\Roaming\npm, USERDOMAIN_ROAMINGPROFILE=DESKTOP-9ASVE05, LOCALAPPDATA=C:\Users\Theodore\AppData\Local, PROCESSOR_LEVEL=6, SYSTEMDRIVE=C:, COMMONPROGRAMFILES(X86)=C:\Program Files (x86)\Common Files, USERDOMAIN=DESKTOP-9ASVE05, LOGONSERVER=\\DESKTOP-9ASVE05, JAVA_HOME=C:\Program Files\Java\jdk-9.0.4, PROMPT=$P$G, SESSIONNAME=Console, ALLUSERSPROFILE=C:\ProgramData, PROGRAMFILES(X86)=C:\Program Files (x86), PROCESSOR_ARCHITECTURE=AMD64, DRIVERDATA=C:\Windows\System32\Drivers\DriverData, LINGO_16_HOME=C:\LINGO16\, PROGRAMFILES=C:\Program Files, APPDATA=C:\Users\Theodore\AppData\Roaming, PSMODULEPATH=C:\Program Files\WindowsPowerShell\Modules;C:\WINDOWS\system32\WindowsPowerShell\v1.0\Modules, PROGRAMW6432=C:\Program Files, PROGRAMDATA=C:\ProgramData, SYSTEMROOT=C:\WINDOWS, USERNAME=Theodore, ONEDRIVE=C:\Users\Theodore\OneDrive, PATHEXT=.COM;.EXE;.BAT;.CMD;.VBS;.VBE;.JS;.JSE;.WSF;.WSH;.MSC;.PY;.PYW, OS=Windows_NT, COMMONPROGRAMW6432=C:\Program Files\Common Files, COMPUTERNAME=DESKTOP-9ASVE05, ONEDRIVECONSUMER=C:\Users\Theodore\OneDrive, COMMONPROGRAMFILES=C:\Program Files\Common Files, COMSPEC=C:\WINDOWS\system32\cmd.exe, CATALINA_HOME=D:\Tomcat\apache-tomcat-8.5.31, PROCESSOR_REVISION=8e09, CLASSPATH=C:\LINGO16\Lingo16.jar, WINDIR=C:\WINDOWS, =D:=D:\IdeaProjects\gmall\gmall-usermanage, HOMEPATH=\Users\Theodore, TEMP=C:\Users\Theodore\AppData\Local\Temp, HOMEDRIVE=C:, PROCESSOR_IDENTIFIER=Intel64 Family 6 Model 142 Stepping 9, GenuineIntel, USERPROFILE=C:\Users\Theodore, TMP=C:\Users\Theodore\AppData\Local\Temp, M2_HOME=D:\apache-maven-3.6.3, PUBLIC=C:\Users\Public, NUMBER_OF_PROCESSORS=4, =::=::\, IDEA_INITIAL_DIRECTORY=C:\Users\Theodore\Desktop}}]
00:33:21.248 [main] DEBUG org.springframework.core.io.support.PathMatchingResourcePatternResolver - Resolved classpath location [cn/theo/gmall/gmallusermanage/] to resources [URL [file:/D:/IdeaProjects/gmall/gmall-usermanage/target/test-classes/cn/theo/gmall/gmallusermanage/]]
00:33:21.248 [main] DEBUG org.springframework.core.io.support.PathMatchingResourcePatternResolver - Looking for matching resources in directory tree [D:\IdeaProjects\gmall\gmall-usermanage\target\test-classes\cn\theo\gmall\gmallusermanage]
00:33:21.251 [main] DEBUG org.springframework.core.io.support.PathMatchingResourcePatternResolver - Searching directory [D:\IdeaProjects\gmall\gmall-usermanage\target\test-classes\cn\theo\gmall\gmallusermanage] for files matching pattern [D:/IdeaProjects/gmall/gmall-usermanage/target/test-classes/cn/theo/gmall/gmallusermanage/*.class]
00:33:21.253 [main] DEBUG org.springframework.core.io.support.PathMatchingResourcePatternResolver - Resolved location pattern [classpath*:cn/theo/gmall/gmallusermanage/*.class] to resources [file [D:\IdeaProjects\gmall\gmall-usermanage\target\test-classes\cn\theo\gmall\gmallusermanage\GmallUsermanageApplicationTests.class]]
00:33:21.255 [main] DEBUG org.springframework.core.io.support.PathMatchingResourcePatternResolver - Resolved classpath location [cn/theo/gmall/] to resources [URL [file:/D:/IdeaProjects/gmall/gmall-usermanage/target/test-classes/cn/theo/gmall/], URL [file:/D:/IdeaProjects/gmall/gmall-usermanage/target/classes/cn/theo/gmall/], URL [jar:file:/D:/mavenRepository/cn/theo/gmall/gmall-interface/1.0-SNAPSHOT/gmall-interface-1.0-SNAPSHOT.jar!/cn/theo/gmall/], URL [jar:file:/D:/mavenRepository/cn/theo/gmall/gmall-bean/1.0-SNAPSHOT/gmall-bean-1.0-SNAPSHOT.jar!/cn/theo/gmall/]]
00:33:21.255 [main] DEBUG org.springframework.core.io.support.PathMatchingResourcePatternResolver - Looking for matching resources in directory tree [D:\IdeaProjects\gmall\gmall-usermanage\target\test-classes\cn\theo\gmall]
00:33:21.255 [main] DEBUG org.springframework.core.io.support.PathMatchingResourcePatternResolver - Searching directory [D:\IdeaProjects\gmall\gmall-usermanage\target\test-classes\cn\theo\gmall] for files matching pattern [D:/IdeaProjects/gmall/gmall-usermanage/target/test-classes/cn/theo/gmall/*.class]
00:33:21.256 [main] DEBUG org.springframework.core.io.support.PathMatchingResourcePatternResolver - Looking for matching resources in directory tree [D:\IdeaProjects\gmall\gmall-usermanage\target\classes\cn\theo\gmall]
00:33:21.256 [main] DEBUG org.springframework.core.io.support.PathMatchingResourcePatternResolver - Searching directory [D:\IdeaProjects\gmall\gmall-usermanage\target\classes\cn\theo\gmall] for files matching pattern [D:/IdeaProjects/gmall/gmall-usermanage/target/classes/cn/theo/gmall/*.class]
00:33:21.257 [main] DEBUG org.springframework.core.io.support.PathMatchingResourcePatternResolver - Looking for matching resources in jar file [file:/D:/mavenRepository/cn/theo/gmall/gmall-interface/1.0-SNAPSHOT/gmall-interface-1.0-SNAPSHOT.jar]
00:33:21.258 [main] DEBUG org.springframework.core.io.support.PathMatchingResourcePatternResolver - Looking for matching resources in jar file [file:/D:/mavenRepository/cn/theo/gmall/gmall-bean/1.0-SNAPSHOT/gmall-bean-1.0-SNAPSHOT.jar]
00:33:21.259 [main] DEBUG org.springframework.core.io.support.PathMatchingResourcePatternResolver - Resolved location pattern [classpath*:cn/theo/gmall/*.class] to resources []
00:33:21.259 [main] DEBUG org.springframework.core.io.support.PathMatchingResourcePatternResolver - Resolved classpath location [cn/theo/] to resources [URL [file:/D:/IdeaProjects/gmall/gmall-usermanage/target/test-classes/cn/theo/], URL [file:/D:/IdeaProjects/gmall/gmall-usermanage/target/classes/cn/theo/], URL [jar:file:/D:/mavenRepository/cn/theo/gmall/gmall-interface/1.0-SNAPSHOT/gmall-interface-1.0-SNAPSHOT.jar!/cn/theo/], URL [jar:file:/D:/mavenRepository/cn/theo/gmall/gmall-bean/1.0-SNAPSHOT/gmall-bean-1.0-SNAPSHOT.jar!/cn/theo/]]
00:33:21.260 [main] DEBUG org.springframework.core.io.support.PathMatchingResourcePatternResolver - Looking for matching resources in directory tree [D:\IdeaProjects\gmall\gmall-usermanage\target\test-classes\cn\theo]
00:33:21.260 [main] DEBUG org.springframework.core.io.support.PathMatchingResourcePatternResolver - Searching directory [D:\IdeaProjects\gmall\gmall-usermanage\target\test-classes\cn\theo] for files matching pattern [D:/IdeaProjects/gmall/gmall-usermanage/target/test-classes/cn/theo/*.class]
00:33:21.261 [main] DEBUG org.springframework.core.io.support.PathMatchingResourcePatternResolver - Looking for matching resources in directory tree [D:\IdeaProjects\gmall\gmall-usermanage\target\classes\cn\theo]
00:33:21.261 [main] DEBUG org.springframework.core.io.support.PathMatchingResourcePatternResolver - Searching directory [D:\IdeaProjects\gmall\gmall-usermanage\target\classes\cn\theo] for files matching pattern [D:/IdeaProjects/gmall/gmall-usermanage/target/classes/cn/theo/*.class]
00:33:21.262 [main] DEBUG org.springframework.core.io.support.PathMatchingResourcePatternResolver - Looking for matching resources in jar file [file:/D:/mavenRepository/cn/theo/gmall/gmall-interface/1.0-SNAPSHOT/gmall-interface-1.0-SNAPSHOT.jar]
00:33:21.262 [main] DEBUG org.springframework.core.io.support.PathMatchingResourcePatternResolver - Looking for matching resources in jar file [file:/D:/mavenRepository/cn/theo/gmall/gmall-bean/1.0-SNAPSHOT/gmall-bean-1.0-SNAPSHOT.jar]
00:33:21.263 [main] DEBUG org.springframework.core.io.support.PathMatchingResourcePatternResolver - Resolved location pattern [classpath*:cn/theo/*.class] to resources []
00:33:21.264 [main] DEBUG org.springframework.core.io.support.PathMatchingResourcePatternResolver - Resolved classpath location [cn/] to resources [URL [file:/D:/IdeaProjects/gmall/gmall-usermanage/target/test-classes/cn/], URL [file:/D:/IdeaProjects/gmall/gmall-usermanage/target/classes/cn/], URL [jar:file:/D:/mavenRepository/cn/theo/gmall/gmall-interface/1.0-SNAPSHOT/gmall-interface-1.0-SNAPSHOT.jar!/cn/], URL [jar:file:/D:/mavenRepository/cn/theo/gmall/gmall-bean/1.0-SNAPSHOT/gmall-bean-1.0-SNAPSHOT.jar!/cn/]]
00:33:21.264 [main] DEBUG org.springframework.core.io.support.PathMatchingResourcePatternResolver - Looking for matching resources in directory tree [D:\IdeaProjects\gmall\gmall-usermanage\target\test-classes\cn]
00:33:21.264 [main] DEBUG org.springframework.core.io.support.PathMatchingResourcePatternResolver - Searching directory [D:\IdeaProjects\gmall\gmall-usermanage\target\test-classes\cn] for files matching pattern [D:/IdeaProjects/gmall/gmall-usermanage/target/test-classes/cn/*.class]
00:33:21.265 [main] DEBUG org.springframework.core.io.support.PathMatchingResourcePatternResolver - Looking for matching resources in directory tree [D:\IdeaProjects\gmall\gmall-usermanage\target\classes\cn]
00:33:21.266 [main] DEBUG org.springframework.core.io.support.PathMatchingResourcePatternResolver - Searching directory [D:\IdeaProjects\gmall\gmall-usermanage\target\classes\cn] for files matching pattern [D:/IdeaProjects/gmall/gmall-usermanage/target/classes/cn/*.class]
00:33:21.269 [main] DEBUG org.springframework.core.io.support.PathMatchingResourcePatternResolver - Looking for matching resources in jar file [file:/D:/mavenRepository/cn/theo/gmall/gmall-interface/1.0-SNAPSHOT/gmall-interface-1.0-SNAPSHOT.jar]
00:33:21.270 [main] DEBUG org.springframework.core.io.support.PathMatchingResourcePatternResolver - Looking for matching resources in jar file [file:/D:/mavenRepository/cn/theo/gmall/gmall-bean/1.0-SNAPSHOT/gmall-bean-1.0-SNAPSHOT.jar]
00:33:21.270 [main] DEBUG org.springframework.core.io.support.PathMatchingResourcePatternResolver - Resolved location pattern [classpath*:cn/*.class] to resources []
]]></system-out>
  </testcase>
</testsuite>